2016-02-22 16:21:57,865 [Worker-1] INFO  o.e.m.c.i.e.AbstractTransferListenerAdapter - Downloading https://repo.maven.apache.org/maven2/org/springframework/boot/spring-boot-starter-parent/1.3.2.RELEASE/spring-boot-starter-parent-1.3.2.RELEASE.pom
2016-02-22 16:21:57,890 [Worker-1] INFO  o.e.m.c.i.e.AbstractTransferListenerAdapter - Downloaded https://repo.maven.apache.org/maven2/org/springframework/boot/spring-boot-starter-parent/1.3.2.RELEASE/spring-boot-starter-parent-1.3.2.RELEASE.pom
2016-02-22 16:21:57,931 [Worker-1] INFO  o.e.m.c.i.e.AbstractTransferListenerAdapter - Downloading https://repo.maven.apache.org/maven2/org/springframework/boot/spring-boot-dependencies/1.3.2.RELEASE/spring-boot-dependencies-1.3.2.RELEASE.pom
2016-02-22 16:21:57,998 [Worker-1] INFO  o.e.m.c.i.e.AbstractTransferListenerAdapter - Downloaded https://repo.maven.apache.org/maven2/org/springframework/boot/spring-boot-dependencies/1.3.2.RELEASE/spring-boot-dependencies-1.3.2.RELEASE.pom
2016-02-22 16:21:58,137 [Worker-1] INFO  o.e.m.c.i.e.AbstractTransferListenerAdapter - Downloading https://repo.maven.apache.org/maven2/org/springframework/spring-framework-bom/4.2.4.RELEASE/spring-framework-bom-4.2.4.RELEASE.pom
2016-02-22 16:21:58,155 [Worker-1] INFO  o.e.m.c.i.e.AbstractTransferListenerAdapter - Downloaded https://repo.maven.apache.org/maven2/org/springframework/spring-framework-bom/4.2.4.RELEASE/spring-framework-bom-4.2.4.RELEASE.pom
2016-02-22 16:21:58,181 [Worker-1] INFO  o.e.m.c.i.e.AbstractTransferListenerAdapter - Downloading https://repo.maven.apache.org/maven2/org/springframework/data/spring-data-releasetrain/Gosling-SR2A/spring-data-releasetrain-Gosling-SR2A.pom
2016-02-22 16:21:58,203 [Worker-1] INFO  o.e.m.c.i.e.AbstractTransferListenerAdapter - Downloaded https://repo.maven.apache.org/maven2/org/springframework/data/spring-data-releasetrain/Gosling-SR2A/spring-data-releasetrain-Gosling-SR2A.pom
2016-02-22 16:21:58,224 [Worker-1] INFO  o.e.m.c.i.e.AbstractTransferListenerAdapter - Downloading https://repo.maven.apache.org/maven2/org/springframework/data/build/spring-data-build/1.7.3.RELEASE/spring-data-build-1.7.3.RELEASE.pom
2016-02-22 16:21:58,244 [Worker-1] INFO  o.e.m.c.i.e.AbstractTransferListenerAdapter - Downloaded https://repo.maven.apache.org/maven2/org/springframework/data/build/spring-data-build/1.7.3.RELEASE/spring-data-build-1.7.3.RELEASE.pom
2016-02-22 16:21:58,267 [Worker-1] INFO  o.e.m.c.i.e.AbstractTransferListenerAdapter - Downloading https://repo.maven.apache.org/maven2/org/springframework/integration/spring-integration-bom/4.2.4.RELEASE/spring-integration-bom-4.2.4.RELEASE.pom
2016-02-22 16:21:58,332 [Worker-1] INFO  o.e.m.c.i.e.AbstractTransferListenerAdapter - Downloaded https://repo.maven.apache.org/maven2/org/springframework/integration/spring-integration-bom/4.2.4.RELEASE/spring-integration-bom-4.2.4.RELEASE.pom
2016-02-22 16:21:59,764 [Worker-1] INFO  o.e.m.c.i.l.LifecycleMappingFactory - Using org.maven.ide.eclipse.wtp.WarLifecycleMapping lifecycle mapping for MavenProject: ch.fhnw.wodss:WodssServer:1.0.0-SNAPSHOT @ /home/tobias/Documents/FHNW/6_Semester/wodss/git/server/WodssServer/pom.xml.
2016-02-22 16:22:00,973 [Worker-1] INFO  o.e.m.j.i.AbstractJavaProjectConfigurator - Adding source folder /WodssServer/src/main/java
2016-02-22 16:22:00,975 [Worker-1] INFO  o.e.m.j.i.AbstractJavaProjectConfigurator - Adding resource folder /WodssServer/src/main/resources
2016-02-22 16:22:00,977 [Worker-1] INFO  o.e.m.j.i.AbstractJavaProjectConfigurator - Adding resource folder /WodssServer/src/main/resources
2016-02-22 16:22:00,980 [Worker-1] INFO  o.e.m.j.i.AbstractJavaProjectConfigurator - Adding source folder /WodssServer/src/test/java
2016-02-22 16:22:00,980 [Worker-1] INFO  o.e.m.j.i.AbstractJavaProjectConfigurator - Adding resource folder /WodssServer/src/test/resources
2016-02-22 16:22:06,665 [Worker-4] INFO  o.e.m.c.i.embedder.EclipseLogger - Using 'UTF-8' encoding to copy filtered resources.
2016-02-22 16:22:06,671 [Worker-4] INFO  o.e.m.c.i.embedder.EclipseLogger - Copying 0 resource
2016-02-22 16:22:06,671 [Worker-4] INFO  o.e.m.c.i.embedder.EclipseLogger - Copying 0 resource
2016-02-22 16:22:06,683 [Worker-4] INFO  o.e.m.c.i.embedder.EclipseLogger - Using 'UTF-8' encoding to copy filtered resources.
2016-02-22 16:22:06,683 [Worker-4] INFO  o.e.m.c.i.embedder.EclipseLogger - Copying 0 resource
